0 verbose cli C:\Program Files\nodejs\node.exe C:\ProgramData\npm\npm\node_modules\npm\bin\npm-cli.js
1 info using npm@11.8.0
2 info using node@v24.11.1
3 silly config load:file:C:\ProgramData\npm\npm\node_modules\npm\npmrc
4 silly config load:file:D:\Proyecto Python\CODEABLEPRE\Fundamentals\ProyectoFinal\Fullstock\.npmrc
5 silly config load:file:C:\Users\Miguel\.npmrc
6 silly config load:file:C:\Users\Miguel\AppData\Roaming\npm\etc\npmrc
7 verbose title npm init dev
8 verbose argv "init" "dev"
9 verbose logfile logs-max:10 dir:D:\Proyecto Python\CODEABLEPRE\Fundamentals\ProyectoFinal\Fullstock\%LOCALAPPDATA%\npm-cache\_logs\2026-01-29T00_04_46_972Z-
10 verbose logfile D:\Proyecto Python\CODEABLEPRE\Fundamentals\ProyectoFinal\Fullstock\%LOCALAPPDATA%\npm-cache\_logs\2026-01-29T00_04_46_972Z-debug-0.log
11 silly logfile start cleaning logs, removing 1 files
12 silly logfile done cleaning log files
13 silly packumentCache heap:2348810240 maxSize:587202560 maxEntrySize:293601280
14 http fetch GET 200 https://registry.npmjs.org/create-dev 780ms (cache miss)
15 silly packumentCache heap:2348810240 maxSize:587202560 maxEntrySize:293601280
16 verbose stack Error: canceled
16 verbose stack     at Interface.<anonymous> (C:\ProgramData\npm\npm\node_modules\npm\node_modules\read\dist\commonjs\read.js:89:21)
16 verbose stack     at Interface.emit (node:events:508:28)
16 verbose stack     at [_ttyWrite] [as _ttyWrite] (node:internal/readline/interface:1317:18)
16 verbose stack     at ReadStream.onkeypress (node:internal/readline/interface:284:20)
16 verbose stack     at ReadStream.emit (node:events:508:28)
16 verbose stack     at emitKeys (node:internal/readline/utils:371:14)
16 verbose stack     at emitKeys.next (<anonymous>)
16 verbose stack     at ReadStream.onData (node:internal/readline/emitKeypressEvents:64:36)
16 verbose stack     at ReadStream.emit (node:events:508:28)
16 verbose stack     at addChunk (node:internal/streams/readable:559:12)
17 error canceled
18 verbose cwd D:\Proyecto Python\CODEABLEPRE\Fundamentals\ProyectoFinal\Fullstock
19 verbose os Windows_NT 10.0.26100
20 verbose node v24.11.1
21 verbose npm  v11.8.0
22 verbose exit 1
23 verbose code 1
24 error A complete log of this run can be found in: D:\Proyecto Python\CODEABLEPRE\Fundamentals\ProyectoFinal\Fullstock\%LOCALAPPDATA%\npm-cache\_logs\2026-01-29T00_04_46_972Z-debug-0.log
