0 verbose cli C:\Program Files\nodejs\node.exe C:\ProgramData\npm\npm\node_modules\npm\bin\npm-cli.js
1 info using npm@11.8.0
2 info using node@v24.11.1
3 silly config load:file:C:\ProgramData\npm\npm\node_modules\npm\npmrc
4 silly config load:file:D:\Proyecto Python\CODEABLEPRE\Fundamentals\ProyectoFinal\Fullstock\.npmrc
5 silly config load:file:C:\Users\Miguel\.npmrc
6 silly config load:file:C:\Users\Miguel\AppData\Roaming\npm\etc\npmrc
7 verbose title npm install ejs
8 verbose argv "install" "ejs"
9 verbose logfile logs-max:10 dir:D:\Proyecto Python\CODEABLEPRE\Fundamentals\ProyectoFinal\Fullstock\%LOCALAPPDATA%\npm-cache\_logs\2026-01-27T20_23_27_617Z-
10 verbose logfile D:\Proyecto Python\CODEABLEPRE\Fundamentals\ProyectoFinal\Fullstock\%LOCALAPPDATA%\npm-cache\_logs\2026-01-27T20_23_27_617Z-debug-0.log
11 silly logfile done cleaning log files
12 silly packumentCache heap:2348810240 maxSize:587202560 maxEntrySize:293601280
13 silly idealTree buildDeps
14 silly fetch manifest ejs@*
15 silly packumentCache full:https://registry.npmjs.org/ejs cache-miss
16 http fetch GET 200 https://registry.npmjs.org/ejs 538ms (cache miss)
17 silly packumentCache full:https://registry.npmjs.org/ejs set size:undefined disposed:false
18 silly placeDep ROOT ejs@4.0.1 OK for: fullstock@1.0.0 want: *
19 silly fetch manifest jake@^10.9.1
20 silly packumentCache full:https://registry.npmjs.org/jake cache-miss
21 http fetch GET 200 https://registry.npmjs.org/jake 139ms (cache miss)
22 silly packumentCache full:https://registry.npmjs.org/jake set size:undefined disposed:false
23 silly placeDep ROOT jake@10.9.4 OK for: ejs@4.0.1 want: ^10.9.1
24 silly fetch manifest async@^3.2.6
25 silly packumentCache full:https://registry.npmjs.org/async cache-miss
26 silly fetch manifest filelist@^1.0.4
27 silly packumentCache full:https://registry.npmjs.org/filelist cache-miss
28 silly fetch manifest picocolors@^1.1.1
29 silly packumentCache full:https://registry.npmjs.org/picocolors cache-miss
30 http fetch GET 200 https://registry.npmjs.org/async 133ms (cache miss)
31 silly packumentCache full:https://registry.npmjs.org/async set size:undefined disposed:false
32 http fetch GET 200 https://registry.npmjs.org/picocolors 454ms (cache miss)
33 silly packumentCache full:https://registry.npmjs.org/picocolors set size:undefined disposed:false
34 http fetch GET 200 https://registry.npmjs.org/filelist 636ms (cache miss)
35 silly packumentCache full:https://registry.npmjs.org/filelist set size:undefined disposed:false
36 silly placeDep ROOT async@3.2.6 OK for: jake@10.9.4 want: ^3.2.6
37 silly placeDep ROOT filelist@1.0.4 OK for: jake@10.9.4 want: ^1.0.4
38 silly placeDep ROOT picocolors@1.1.1 OK for: jake@10.9.4 want: ^1.1.1
39 silly fetch manifest minimatch@^5.0.1
40 silly packumentCache full:https://registry.npmjs.org/minimatch cache-miss
41 http cache https://registry.npmjs.org/minimatch 18ms (cache hit)
42 silly packumentCache full:https://registry.npmjs.org/minimatch set size:303959 disposed:false
43 silly placeDep node_modules/filelist minimatch@5.1.6 OK for: filelist@1.0.4 want: ^5.0.1
44 silly fetch manifest brace-expansion@^2.0.1
45 silly packumentCache full:https://registry.npmjs.org/brace-expansion cache-miss
46 http cache https://registry.npmjs.org/brace-expansion 8ms (cache hit)
47 silly packumentCache full:https://registry.npmjs.org/brace-expansion set size:46250 disposed:false
48 silly placeDep node_modules/filelist brace-expansion@2.0.2 OK for: minimatch@5.1.6 want: ^2.0.1
49 silly reify moves {}
50 silly audit bulk request {
50 silly audit   accepts: [ '2.0.0' ],
50 silly audit   anymatch: [ '3.1.3' ],
50 silly audit   'balanced-match': [ '1.0.2' ],
50 silly audit   'binary-extensions': [ '2.3.0' ],
50 silly audit   'body-parser': [ '2.2.2' ],
50 silly audit   'brace-expansion': [ '1.1.12', '2.0.2' ],
50 silly audit   braces: [ '3.0.3' ],
50 silly audit   bytes: [ '3.1.2' ],
50 silly audit   'call-bind-apply-helpers': [ '1.0.2' ],
50 silly audit   'call-bound': [ '1.0.4' ],
50 silly audit   chokidar: [ '3.6.0' ],
50 silly audit   'concat-map': [ '0.0.1' ],
50 silly audit   'content-disposition': [ '1.0.1' ],
50 silly audit   'content-type': [ '1.0.5' ],
50 silly audit   cookie: [ '0.7.2' ],
50 silly audit   'cookie-signature': [ '1.2.2' ],
50 silly audit   debug: [ '4.4.3' ],
50 silly audit   depd: [ '2.0.0' ],
50 silly audit   'dunder-proto': [ '1.0.1' ],
50 silly audit   'ee-first': [ '1.1.1' ],
50 silly audit   encodeurl: [ '2.0.0' ],
50 silly audit   'es-define-property': [ '1.0.1' ],
50 silly audit   'es-errors': [ '1.3.0' ],
50 silly audit   'es-object-atoms': [ '1.1.1' ],
50 silly audit   'escape-html': [ '1.0.3' ],
50 silly audit   etag: [ '1.8.1' ],
50 silly audit   express: [ '5.2.1' ],
50 silly audit   'fill-range': [ '7.1.1' ],
50 silly audit   finalhandler: [ '2.1.1' ],
50 silly audit   forwarded: [ '0.2.0' ],
50 silly audit   fresh: [ '2.0.0' ],
50 silly audit   fsevents: [ '2.3.3' ],
50 silly audit   'function-bind': [ '1.1.2' ],
50 silly audit   'get-intrinsic': [ '1.3.0' ],
50 silly audit   'get-proto': [ '1.0.1' ],
50 silly audit   'glob-parent': [ '5.1.2' ],
50 silly audit   gopd: [ '1.2.0' ],
50 silly audit   'has-flag': [ '3.0.0' ],
50 silly audit   'has-symbols': [ '1.1.0' ],
50 silly audit   hasown: [ '2.0.2' ],
50 silly audit   'http-errors': [ '2.0.1' ],
50 silly audit   'iconv-lite': [ '0.7.2' ],
50 silly audit   'ignore-by-default': [ '1.0.1' ],
50 silly audit   inherits: [ '2.0.4' ],
50 silly audit   'ipaddr.js': [ '1.9.1' ],
50 silly audit   'is-binary-path': [ '2.1.0' ],
50 silly audit   'is-extglob': [ '2.1.1' ],
50 silly audit   'is-glob': [ '4.0.3' ],
50 silly audit   'is-number': [ '7.0.0' ],
50 silly audit   'is-promise': [ '4.0.0' ],
50 silly audit   'math-intrinsics': [ '1.1.0' ],
50 silly audit   'media-typer': [ '1.1.0' ],
50 silly audit   'merge-descriptors': [ '2.0.0' ],
50 silly audit   'mime-db': [ '1.54.0' ],
50 silly audit   'mime-types': [ '3.0.2' ],
50 silly audit   minimatch: [ '3.1.2', '5.1.6' ],
50 silly audit   ms: [ '2.1.3' ],
50 silly audit   negotiator: [ '1.0.0' ],
50 silly audit   nodemon: [ '3.1.11' ],
50 silly audit   'normalize-path': [ '3.0.0' ],
50 silly audit   'object-inspect': [ '1.13.4' ],
50 silly audit   'on-finished': [ '2.4.1' ],
50 silly audit   once: [ '1.4.0' ],
50 silly audit   parseurl: [ '1.3.3' ],
50 silly audit   'path-to-regexp': [ '8.3.0' ],
50 silly audit   picomatch: [ '2.3.1' ],
50 silly audit   'proxy-addr': [ '2.0.7' ],
50 silly audit   'pstree.remy': [ '1.1.8' ],
50 silly audit   qs: [ '6.14.1' ],
50 silly audit   'range-parser': [ '1.2.1' ],
50 silly audit   'raw-body': [ '3.0.2' ],
50 silly audit   readdirp: [ '3.6.0' ],
50 silly audit   router: [ '2.2.0' ],
50 silly audit   'safer-buffer': [ '2.1.2' ],
50 silly audit   semver: [ '7.7.3' ],
50 silly audit   send: [ '1.2.1' ],
50 silly audit   'serve-static': [ '2.2.1' ],
50 silly audit   setprototypeof: [ '1.2.0' ],
50 silly audit   'side-channel': [ '1.1.0' ],
50 silly audit   'side-channel-list': [ '1.0.0' ],
50 silly audit   'side-channel-map': [ '1.0.1' ],
50 silly audit   'side-channel-weakmap': [ '1.0.2' ],
50 silly audit   'simple-update-notifier': [ '2.0.0' ],
50 silly audit   statuses: [ '2.0.2' ],
50 silly audit   'supports-color': [ '5.5.0' ],
50 silly audit   'to-regex-range': [ '5.0.1' ],
50 silly audit   toidentifier: [ '1.0.1' ],
50 silly audit   touch: [ '3.1.1' ],
50 silly audit   'type-is': [ '2.0.1' ],
50 silly audit   undefsafe: [ '2.0.5' ],
50 silly audit   unpipe: [ '1.0.0' ],
50 silly audit   vary: [ '1.1.2' ],
50 silly audit   wrappy: [ '1.0.2' ],
50 silly audit   ejs: [ '4.0.1' ],
50 silly audit   jake: [ '10.9.4' ],
50 silly audit   async: [ '3.2.6' ],
50 silly audit   filelist: [ '1.0.4' ],
50 silly audit   picocolors: [ '1.1.1' ]
50 silly audit }
51 http cache picocolors@https://registry.npmjs.org/picocolors/-/picocolors-1.1.1.tgz 0ms (cache hit)
52 http cache filelist@https://registry.npmjs.org/filelist/-/filelist-1.0.4.tgz 0ms (cache hit)
53 http cache brace-expansion@https://registry.npmjs.org/brace-expansion/-/brace-expansion-2.0.2.tgz 0ms (cache hit)
54 http cache minimatch@https://registry.npmjs.org/minimatch/-/minimatch-5.1.6.tgz 0ms (cache hit)
55 http cache jake@https://registry.npmjs.org/jake/-/jake-10.9.4.tgz 0ms (cache hit)
56 http cache async@https://registry.npmjs.org/async/-/async-3.2.6.tgz 0ms (cache hit)
57 silly tarball no local data for picocolors@https://registry.npmjs.org/picocolors/-/picocolors-1.1.1.tgz. Extracting by manifest.
58 http cache ejs@https://registry.npmjs.org/ejs/-/ejs-4.0.1.tgz 0ms (cache hit)
59 silly tarball no local data for filelist@https://registry.npmjs.org/filelist/-/filelist-1.0.4.tgz. Extracting by manifest.
60 silly tarball no local data for brace-expansion@https://registry.npmjs.org/brace-expansion/-/brace-expansion-2.0.2.tgz. Extracting by manifest.
61 silly tarball no local data for minimatch@https://registry.npmjs.org/minimatch/-/minimatch-5.1.6.tgz. Extracting by manifest.
62 silly tarball no local data for jake@https://registry.npmjs.org/jake/-/jake-10.9.4.tgz. Extracting by manifest.
63 silly tarball no local data for async@https://registry.npmjs.org/async/-/async-3.2.6.tgz. Extracting by manifest.
64 silly tarball no local data for ejs@https://registry.npmjs.org/ejs/-/ejs-4.0.1.tgz. Extracting by manifest.
65 http fetch GET 200 https://registry.npmjs.org/filelist/-/filelist-1.0.4.tgz 161ms (cache miss)
66 http fetch GET 200 https://registry.npmjs.org/picocolors/-/picocolors-1.1.1.tgz 166ms (cache miss)
67 http fetch POST 200 https://registry.npmjs.org/-/npm/v1/security/advisories/bulk 311ms
68 silly audit report {}
69 http fetch GET 200 https://registry.npmjs.org/brace-expansion/-/brace-expansion-2.0.2.tgz 506ms (cache miss)
70 http fetch GET 200 https://registry.npmjs.org/ejs/-/ejs-4.0.1.tgz 560ms (cache miss)
71 http fetch GET 200 https://registry.npmjs.org/minimatch/-/minimatch-5.1.6.tgz 676ms (cache miss)
72 http fetch GET 200 https://registry.npmjs.org/jake/-/jake-10.9.4.tgz 721ms (cache miss)
73 http fetch GET 200 https://registry.npmjs.org/async/-/async-3.2.6.tgz 2594ms (cache miss)
74 silly ADD node_modules/picocolors
75 silly ADD node_modules/filelist
76 silly ADD node_modules/filelist/node_modules/brace-expansion
77 silly ADD node_modules/filelist/node_modules/minimatch
78 silly ADD node_modules/async
79 silly ADD node_modules/jake
80 silly ADD node_modules/ejs
81 verbose cwd D:\Proyecto Python\CODEABLEPRE\Fundamentals\ProyectoFinal\Fullstock
82 verbose os Windows_NT 10.0.26100
83 verbose node v24.11.1
84 verbose npm  v11.8.0
85 verbose exit 0
86 info ok
